2025-07-03 12:02:45.237 +05:30 [DBG] Registered SignalR Protocol: json, implemented by Microsoft.AspNetCore.SignalR.Protocol.JsonHubProtocol.
2025-07-03 12:02:45.412 +05:30 [DBG] Registered model binder providers, in the following order: ["Microsoft.AspNetCore.Mvc.ModelBinding.Binders.BinderTypeModelBinderProvider","Microsoft.AspNetCore.Mvc.ModelBinding.Binders.ServicesModelBinderProvider","Microsoft.AspNetCore.Mvc.ModelBinding.Binders.BodyModelBinderProvider","Microsoft.AspNetCore.Mvc.ModelBinding.Binders.HeaderModelBinderProvider","Microsoft.AspNetCore.Mvc.ModelBinding.Binders.FloatingPointTypeModelBinderProvider","Microsoft.AspNetCore.Mvc.ModelBinding.Binders.EnumTypeModelBinderProvider","Microsoft.AspNetCore.Mvc.ModelBinding.Binders.DateTimeModelBinderProvider","Microsoft.AspNetCore.Mvc.ModelBinding.Binders.SimpleTypeModelBinderProvider","Microsoft.AspNetCore.Mvc.ModelBinding.Binders.TryParseModelBinderProvider","Microsoft.AspNetCore.Mvc.ModelBinding.Binders.CancellationTokenModelBinderProvider","Microsoft.AspNetCore.Mvc.ModelBinding.Binders.ByteArrayModelBinderProvider","Microsoft.AspNetCore.Mvc.ModelBinding.Binders.FormFileModelBinderProvider","Microsoft.AspNetCore.Mvc.ModelBinding.Binders.FormCollectionModelBinderProvider","Microsoft.AspNetCore.Mvc.ModelBinding.Binders.KeyValuePairModelBinderProvider","Microsoft.AspNetCore.Mvc.ModelBinding.Binders.DictionaryModelBinderProvider","Microsoft.AspNetCore.Mvc.ModelBinding.Binders.ArrayModelBinderProvider","Microsoft.AspNetCore.Mvc.ModelBinding.Binders.CollectionModelBinderProvider","Microsoft.AspNetCore.Mvc.ModelBinding.Binders.ComplexObjectModelBinderProvider"]
2025-07-03 12:02:45.481 +05:30 [DBG] Hosting starting
2025-07-03 12:02:45.604 +05:30 [INF] User profile is available. Using '/Users/dharund/.aspnet/DataProtection-Keys' as key repository; keys will not be encrypted at rest.
2025-07-03 12:02:45.619 +05:30 [DBG] Reading data from file '/Users/dharund/.aspnet/DataProtection-Keys/key-cadc1df3-d71f-417d-9f83-8e79d9f10dbd.xml'.
2025-07-03 12:02:45.627 +05:30 [DBG] Found key {cadc1df3-d71f-417d-9f83-8e79d9f10dbd}.
2025-07-03 12:02:45.638 +05:30 [DBG] Considering key {cadc1df3-d71f-417d-9f83-8e79d9f10dbd} with expiration date 2025-09-01 05:11:22Z as default key.
2025-07-03 12:02:45.640 +05:30 [DBG] Forwarded activator type request from Microsoft.AspNetCore.DataProtection.AuthenticatedEncryption.ConfigurationModel.AuthenticatedEncryptorDescriptorDeserializer, Microsoft.AspNetCore.DataProtection, Version=8.0.0.0, Culture=neutral, PublicKeyToken=adb9793829ddae60 to Microsoft.AspNetCore.DataProtection.AuthenticatedEncryption.ConfigurationModel.AuthenticatedEncryptorDescriptorDeserializer, Microsoft.AspNetCore.DataProtection, Culture=neutral, PublicKeyToken=adb9793829ddae60
2025-07-03 12:02:45.678 +05:30 [DBG] Using managed symmetric algorithm 'System.Security.Cryptography.Aes'.
2025-07-03 12:02:45.679 +05:30 [DBG] Using managed keyed hash algorithm 'System.Security.Cryptography.HMACSHA256'.
2025-07-03 12:02:45.792 +05:30 [DBG] Using key {cadc1df3-d71f-417d-9f83-8e79d9f10dbd} as the default key.
2025-07-03 12:02:45.792 +05:30 [DBG] Key ring with default key {cadc1df3-d71f-417d-9f83-8e79d9f10dbd} was loaded during application startup.
2025-07-03 12:02:45.862 +05:30 [INF] Now listening on: http://localhost:5088
2025-07-03 12:02:45.862 +05:30 [DBG] Loaded hosting startup assembly bts
2025-07-03 12:02:45.862 +05:30 [INF] Application started. Press Ctrl+C to shut down.
2025-07-03 12:02:45.862 +05:30 [INF] Hosting environment: Development
2025-07-03 12:02:45.862 +05:30 [INF] Content root path: /Users/dharund/Desktop/Presidio-Genspark/Genspark-Training/Bug Tracking System/bts
2025-07-03 12:02:45.864 +05:30 [DBG] Hosting started
2025-07-03 12:05:51.620 +05:30 [FTL] Unable to reload configuration.
System.IO.DirectoryNotFoundException: Could not find a part of the path '/https/aspnetcore.pfx'.
   at Interop.ThrowExceptionForIoErrno(ErrorInfo errorInfo, String path, Boolean isDirError)
   at Microsoft.Win32.SafeHandles.SafeFileHandle.Open(String path, OpenFlags flags, Int32 mode, Boolean failForSymlink, Boolean& wasSymlink, Func`4 createOpenException)
   at Microsoft.Win32.SafeHandles.SafeFileHandle.Open(String fullPath, FileMode mode, FileAccess access, FileShare share, FileOptions options, Int64 preallocationSize, UnixFileMode openPermissions, Int64& fileLength, UnixFileMode& filePermissions, Boolean failForSymlink, Boolean& wasSymlink, Func`4 createOpenException)
   at System.IO.Strategies.OSFileStreamStrategy..ctor(String path, FileMode mode, FileAccess access, FileShare share, FileOptions options, Int64 preallocationSize, Nullable`1 unixCreateMode)
   at System.IO.StreamReader.ValidateArgsAndOpenPath(String path, Encoding encoding, Int32 bufferSize)
   at System.IO.File.ReadAllText(String path, Encoding encoding)
   at System.Security.Cryptography.X509Certificates.X509Certificate2Collection.ImportFromPemFile(String certPemFilePath)
   at Microsoft.AspNetCore.Server.Kestrel.Core.Internal.Certificates.CertificateConfigLoader.LoadCertificate(CertificateConfig certInfo, String endpointName)
   at Microsoft.AspNetCore.Server.Kestrel.Core.TlsConfigurationLoader.ApplyHttpsConfiguration(HttpsConnectionAdapterOptions httpsOptions, EndpointConfig endpoint, KestrelServerOptions serverOptions, CertificateConfig defaultCertificateConfig, ConfigurationReader configurationReader)
   at Microsoft.AspNetCore.Server.Kestrel.KestrelConfigurationLoader.Reload()
   at Microsoft.AspNetCore.Server.Kestrel.Core.KestrelServerImpl.RebindAsync()
2025-07-03 12:05:51.931 +05:30 [FTL] Unable to reload configuration.
System.IO.DirectoryNotFoundException: Could not find a part of the path '/https/aspnetcore.pfx'.
   at Interop.ThrowExceptionForIoErrno(ErrorInfo errorInfo, String path, Boolean isDirError)
   at Microsoft.Win32.SafeHandles.SafeFileHandle.Open(String path, OpenFlags flags, Int32 mode, Boolean failForSymlink, Boolean& wasSymlink, Func`4 createOpenException)
   at Microsoft.Win32.SafeHandles.SafeFileHandle.Open(String fullPath, FileMode mode, FileAccess access, FileShare share, FileOptions options, Int64 preallocationSize, UnixFileMode openPermissions, Int64& fileLength, UnixFileMode& filePermissions, Boolean failForSymlink, Boolean& wasSymlink, Func`4 createOpenException)
   at System.IO.Strategies.OSFileStreamStrategy..ctor(String path, FileMode mode, FileAccess access, FileShare share, FileOptions options, Int64 preallocationSize, Nullable`1 unixCreateMode)
   at System.IO.StreamReader.ValidateArgsAndOpenPath(String path, Encoding encoding, Int32 bufferSize)
   at System.IO.File.ReadAllText(String path, Encoding encoding)
   at System.Security.Cryptography.X509Certificates.X509Certificate2Collection.ImportFromPemFile(String certPemFilePath)
   at Microsoft.AspNetCore.Server.Kestrel.Core.Internal.Certificates.CertificateConfigLoader.LoadCertificate(CertificateConfig certInfo, String endpointName)
   at Microsoft.AspNetCore.Server.Kestrel.Core.TlsConfigurationLoader.ApplyHttpsConfiguration(HttpsConnectionAdapterOptions httpsOptions, EndpointConfig endpoint, KestrelServerOptions serverOptions, CertificateConfig defaultCertificateConfig, ConfigurationReader configurationReader)
   at Microsoft.AspNetCore.Server.Kestrel.KestrelConfigurationLoader.Reload()
   at Microsoft.AspNetCore.Server.Kestrel.Core.KestrelServerImpl.RebindAsync()
2025-07-03 12:11:49.491 +05:30 [DBG] Connection id "0HNDPVIO2J3CJ" accepted.
2025-07-03 12:11:49.494 +05:30 [DBG] Connection id "0HNDPVIO2J3CJ" started.
2025-07-03 12:11:49.559 +05:30 [INF] Request starting HTTP/1.1 GET http://localhost:5088/ - null null
2025-07-03 12:11:49.564 +05:30 [DBG] Wildcard detected, all requests with hosts will be allowed.
2025-07-03 12:11:49.597 +05:30 [DBG] No candidates found for the request path '/'
2025-07-03 12:11:49.597 +05:30 [DBG] Request did not match any endpoints
2025-07-03 12:11:49.617 +05:30 [DBG] The request path  does not match the path filter
2025-07-03 12:11:49.618 +05:30 [WRN] Failed to determine the https port for redirect.
2025-07-03 12:11:49.807 +05:30 [DBG] An 'IServiceProvider' was created for internal use by Entity Framework.
2025-07-03 12:11:49.835 +05:30 [DBG] The request path / does not match a supported file type
2025-07-03 12:11:49.894 +05:30 [DBG] AuthenticationScheme: Bearer was not authenticated.
2025-07-03 12:11:49.922 +05:30 [DBG] Connection id "0HNDPVIO2J3CJ" completed keep alive response.
2025-07-03 12:11:49.926 +05:30 [INF] Request finished HTTP/1.1 GET http://localhost:5088/ - 404 0 null 368.5032ms
2025-07-03 12:11:49.935 +05:30 [INF] Request reached the end of the middleware pipeline without being handled by application code. Request path: GET http://localhost:5088/, Response status code: 404
2025-07-03 12:11:51.872 +05:30 [INF] Request starting HTTP/1.1 GET http://localhost:5088/swagger/index.html - null null
2025-07-03 12:11:51.874 +05:30 [DBG] No candidates found for the request path '/swagger/index.html'
2025-07-03 12:11:51.874 +05:30 [DBG] Request did not match any endpoints
2025-07-03 12:11:51.968 +05:30 [DBG] Connection id "0HNDPVIO2J3CJ" completed keep alive response.
2025-07-03 12:11:51.969 +05:30 [INF] Request finished HTTP/1.1 GET http://localhost:5088/swagger/index.html - 200 null text/html;charset=utf-8 97.5374ms
2025-07-03 12:11:52.224 +05:30 [INF] Request starting HTTP/1.1 GET http://localhost:5088/swagger/v1/swagger.json - null null
2025-07-03 12:11:52.227 +05:30 [DBG] No candidates found for the request path '/swagger/v1/swagger.json'
2025-07-03 12:11:52.227 +05:30 [DBG] Request did not match any endpoints
2025-07-03 12:11:52.444 +05:30 [DBG] Connection id "0HNDPVIO2J3CJ" completed keep alive response.
2025-07-03 12:11:52.444 +05:30 [INF] Request finished HTTP/1.1 GET http://localhost:5088/swagger/v1/swagger.json - 200 null application/json;charset=utf-8 219.5687ms
2025-07-03 12:12:43.321 +05:30 [DBG] Connection id "0HNDPVIO2J3CJ" received FIN.
2025-07-03 12:12:43.325 +05:30 [DBG] Connection id "0HNDPVIO2J3CJ" sending FIN because: "The Socket transport's send loop completed gracefully."
2025-07-03 12:12:43.330 +05:30 [DBG] Connection id "0HNDPVIO2J3CJ" disconnecting.
2025-07-03 12:12:43.332 +05:30 [DBG] Connection id "0HNDPVIO2J3CJ" stopped.
2025-07-03 12:51:44.805 +05:30 [INF] Application is shutting down...
2025-07-03 12:51:44.807 +05:30 [DBG] Hosting stopping
2025-07-03 12:51:44.865 +05:30 [DBG] Hosting stopped
