2025-06-24 14:37:22.964 +05:30 [DBG] Registered SignalR Protocol: json, implemented by Microsoft.AspNetCore.SignalR.Protocol.JsonHubProtocol.
2025-06-24 14:37:23.126 +05:30 [DBG] Registered model binder providers, in the following order: ["Microsoft.AspNetCore.Mvc.ModelBinding.Binders.BinderTypeModelBinderProvider","Microsoft.AspNetCore.Mvc.ModelBinding.Binders.ServicesModelBinderProvider","Microsoft.AspNetCore.Mvc.ModelBinding.Binders.BodyModelBinderProvider","Microsoft.AspNetCore.Mvc.ModelBinding.Binders.HeaderModelBinderProvider","Microsoft.AspNetCore.Mvc.ModelBinding.Binders.FloatingPointTypeModelBinderProvider","Microsoft.AspNetCore.Mvc.ModelBinding.Binders.EnumTypeModelBinderProvider","Microsoft.AspNetCore.Mvc.ModelBinding.Binders.DateTimeModelBinderProvider","Microsoft.AspNetCore.Mvc.ModelBinding.Binders.SimpleTypeModelBinderProvider","Microsoft.AspNetCore.Mvc.ModelBinding.Binders.TryParseModelBinderProvider","Microsoft.AspNetCore.Mvc.ModelBinding.Binders.CancellationTokenModelBinderProvider","Microsoft.AspNetCore.Mvc.ModelBinding.Binders.ByteArrayModelBinderProvider","Microsoft.AspNetCore.Mvc.ModelBinding.Binders.FormFileModelBinderProvider","Microsoft.AspNetCore.Mvc.ModelBinding.Binders.FormCollectionModelBinderProvider","Microsoft.AspNetCore.Mvc.ModelBinding.Binders.KeyValuePairModelBinderProvider","Microsoft.AspNetCore.Mvc.ModelBinding.Binders.DictionaryModelBinderProvider","Microsoft.AspNetCore.Mvc.ModelBinding.Binders.ArrayModelBinderProvider","Microsoft.AspNetCore.Mvc.ModelBinding.Binders.CollectionModelBinderProvider","Microsoft.AspNetCore.Mvc.ModelBinding.Binders.ComplexObjectModelBinderProvider"]
2025-06-24 14:37:23.192 +05:30 [DBG] Hosting starting
2025-06-24 14:37:23.308 +05:30 [INF] User profile is available. Using '/Users/dharund/.aspnet/DataProtection-Keys' as key repository; keys will not be encrypted at rest.
2025-06-24 14:37:23.319 +05:30 [DBG] Reading data from file '/Users/dharund/.aspnet/DataProtection-Keys/key-cadc1df3-d71f-417d-9f83-8e79d9f10dbd.xml'.
2025-06-24 14:37:23.327 +05:30 [DBG] Found key {cadc1df3-d71f-417d-9f83-8e79d9f10dbd}.
2025-06-24 14:37:23.337 +05:30 [DBG] Considering key {cadc1df3-d71f-417d-9f83-8e79d9f10dbd} with expiration date 2025-09-01 05:11:22Z as default key.
2025-06-24 14:37:23.339 +05:30 [DBG] Forwarded activator type request from Microsoft.AspNetCore.DataProtection.AuthenticatedEncryption.ConfigurationModel.AuthenticatedEncryptorDescriptorDeserializer, Microsoft.AspNetCore.DataProtection, Version=8.0.0.0, Culture=neutral, PublicKeyToken=adb9793829ddae60 to Microsoft.AspNetCore.DataProtection.AuthenticatedEncryption.ConfigurationModel.AuthenticatedEncryptorDescriptorDeserializer, Microsoft.AspNetCore.DataProtection, Culture=neutral, PublicKeyToken=adb9793829ddae60
2025-06-24 14:37:23.375 +05:30 [DBG] Using managed symmetric algorithm 'System.Security.Cryptography.Aes'.
2025-06-24 14:37:23.375 +05:30 [DBG] Using managed keyed hash algorithm 'System.Security.Cryptography.HMACSHA256'.
2025-06-24 14:37:23.702 +05:30 [DBG] Using key {cadc1df3-d71f-417d-9f83-8e79d9f10dbd} as the default key.
2025-06-24 14:37:23.703 +05:30 [DBG] Key ring with default key {cadc1df3-d71f-417d-9f83-8e79d9f10dbd} was loaded during application startup.
2025-06-24 14:37:23.787 +05:30 [INF] Now listening on: http://localhost:5088
2025-06-24 14:37:23.788 +05:30 [DBG] Loaded hosting startup assembly bts
2025-06-24 14:37:23.788 +05:30 [INF] Application started. Press Ctrl+C to shut down.
2025-06-24 14:37:23.788 +05:30 [INF] Hosting environment: Development
2025-06-24 14:37:23.788 +05:30 [INF] Content root path: /Users/dharund/Desktop/Presidio-Genspark/Genspark-Training/Bug Tracking System/bts
2025-06-24 14:37:23.791 +05:30 [DBG] Hosting started
2025-06-24 14:37:33.798 +05:30 [DBG] Connection id "0HNDIVQ77AV5R" accepted.
2025-06-24 14:37:33.799 +05:30 [DBG] Connection id "0HNDIVQ77AV5R" started.
2025-06-24 14:37:34.013 +05:30 [INF] Request starting HTTP/1.1 GET http://localhost:5088/ - null null
2025-06-24 14:37:34.025 +05:30 [DBG] Wildcard detected, all requests with hosts will be allowed.
2025-06-24 14:37:34.142 +05:30 [DBG] No candidates found for the request path '/'
2025-06-24 14:37:34.144 +05:30 [DBG] Request did not match any endpoints
2025-06-24 14:37:34.211 +05:30 [DBG] The request path  does not match the path filter
2025-06-24 14:37:34.214 +05:30 [WRN] Failed to determine the https port for redirect.
2025-06-24 14:37:34.446 +05:30 [DBG] An 'IServiceProvider' was created for internal use by Entity Framework.
2025-06-24 14:37:34.471 +05:30 [DBG] The request path / does not match a supported file type
2025-06-24 14:37:34.523 +05:30 [DBG] AuthenticationScheme: Bearer was not authenticated.
2025-06-24 14:37:34.546 +05:30 [DBG] Connection id "0HNDIVQ77AV5R" completed keep alive response.
2025-06-24 14:37:34.548 +05:30 [INF] Request finished HTTP/1.1 GET http://localhost:5088/ - 404 0 null 537.6395ms
2025-06-24 14:37:34.556 +05:30 [INF] Request reached the end of the middleware pipeline without being handled by application code. Request path: GET http://localhost:5088/, Response status code: 404
2025-06-24 14:37:37.583 +05:30 [INF] Request starting HTTP/1.1 GET http://localhost:5088/ - null null
2025-06-24 14:37:37.584 +05:30 [DBG] No candidates found for the request path '/'
2025-06-24 14:37:37.584 +05:30 [DBG] Request did not match any endpoints
2025-06-24 14:37:37.585 +05:30 [DBG] The request path  does not match the path filter
2025-06-24 14:37:37.594 +05:30 [DBG] The request path / does not match a supported file type
2025-06-24 14:37:37.595 +05:30 [DBG] AuthenticationScheme: Bearer was not authenticated.
2025-06-24 14:37:37.596 +05:30 [DBG] Connection id "0HNDIVQ77AV5R" completed keep alive response.
2025-06-24 14:37:37.596 +05:30 [INF] Request finished HTTP/1.1 GET http://localhost:5088/ - 404 0 null 13.4296ms
2025-06-24 14:37:37.597 +05:30 [INF] Request reached the end of the middleware pipeline without being handled by application code. Request path: GET http://localhost:5088/, Response status code: 404
2025-06-24 14:37:38.586 +05:30 [INF] Request starting HTTP/1.1 GET http://localhost:5088/swagger/index.html - null null
2025-06-24 14:37:38.587 +05:30 [DBG] No candidates found for the request path '/swagger/index.html'
2025-06-24 14:37:38.588 +05:30 [DBG] Request did not match any endpoints
2025-06-24 14:37:38.663 +05:30 [DBG] Connection id "0HNDIVQ77AV5R" completed keep alive response.
2025-06-24 14:37:38.663 +05:30 [INF] Request finished HTTP/1.1 GET http://localhost:5088/swagger/index.html - 200 null text/html;charset=utf-8 76.8587ms
2025-06-24 14:37:38.915 +05:30 [INF] Request starting HTTP/1.1 GET http://localhost:5088/swagger/v1/swagger.json - null null
2025-06-24 14:37:38.917 +05:30 [DBG] No candidates found for the request path '/swagger/v1/swagger.json'
2025-06-24 14:37:38.918 +05:30 [DBG] Request did not match any endpoints
2025-06-24 14:37:38.924 +05:30 [DBG] Connection id "0HNDIVQ77AV5R" received FIN.
2025-06-24 14:37:38.925 +05:30 [DBG] Connection id "0HNDIVQ77AV5R" sending FIN because: "The Socket transport's send loop completed gracefully."
2025-06-24 14:37:38.933 +05:30 [DBG] Connection id "0HNDIVQ77AV5S" accepted.
2025-06-24 14:37:38.934 +05:30 [DBG] Connection id "0HNDIVQ77AV5S" started.
2025-06-24 14:37:38.935 +05:30 [INF] Request starting HTTP/1.1 GET http://localhost:5088/swagger/index.html - null null
2025-06-24 14:37:38.935 +05:30 [DBG] No candidates found for the request path '/swagger/index.html'
2025-06-24 14:37:38.935 +05:30 [DBG] Connection id "0HNDIVQ77AV5R" disconnecting.
2025-06-24 14:37:38.936 +05:30 [DBG] Request did not match any endpoints
2025-06-24 14:37:38.937 +05:30 [DBG] Connection id "0HNDIVQ77AV5S" completed keep alive response.
2025-06-24 14:37:38.937 +05:30 [INF] Request finished HTTP/1.1 GET http://localhost:5088/swagger/index.html - 200 null text/html;charset=utf-8 2.0365ms
2025-06-24 14:37:39.002 +05:30 [INF] Request starting HTTP/1.1 GET http://localhost:5088/swagger/v1/swagger.json - null null
2025-06-24 14:37:39.003 +05:30 [DBG] No candidates found for the request path '/swagger/v1/swagger.json'
2025-06-24 14:37:39.003 +05:30 [DBG] Request did not match any endpoints
2025-06-24 14:37:39.135 +05:30 [DBG] Connection id "0HNDIVQ77AV5S" completed keep alive response.
2025-06-24 14:37:39.135 +05:30 [INF] Request finished HTTP/1.1 GET http://localhost:5088/swagger/v1/swagger.json - 200 null application/json;charset=utf-8 220.3805ms
2025-06-24 14:37:39.135 +05:30 [INF] Request finished HTTP/1.1 GET http://localhost:5088/swagger/v1/swagger.json - 200 null application/json;charset=utf-8 133.4338ms
2025-06-24 14:37:39.137 +05:30 [DBG] Connection id "0HNDIVQ77AV5R" stopped.
2025-06-24 14:38:08.165 +05:30 [DBG] Connection id "0HNDIVQ77AV5S" received FIN.
2025-06-24 14:38:08.166 +05:30 [DBG] Connection id "0HNDIVQ77AV5S" sending FIN because: "The Socket transport's send loop completed gracefully."
2025-06-24 14:38:08.166 +05:30 [DBG] Connection id "0HNDIVQ77AV5S" disconnecting.
2025-06-24 14:38:08.167 +05:30 [DBG] Connection id "0HNDIVQ77AV5S" stopped.
2025-06-24 15:11:32.239 +05:30 [DBG] Connection id "0HNDIVQ77AV5T" accepted.
2025-06-24 15:11:32.242 +05:30 [DBG] Connection id "0HNDIVQ77AV5T" started.
2025-06-24 15:11:32.247 +05:30 [INF] Request starting HTTP/1.1 POST http://localhost:5088/api/Admin/Add-Admin - application/json 77
2025-06-24 15:11:32.255 +05:30 [DBG] 1 candidate(s) found for the request path '/api/Admin/Add-Admin'
2025-06-24 15:11:32.260 +05:30 [DBG] Endpoint 'Bts.Controllers.AdminController.AddAdmin (bts)' with route pattern 'api/Admin/Add-Admin' is valid for the request path '/api/Admin/Add-Admin'
2025-06-24 15:11:32.262 +05:30 [DBG] Request matched endpoint 'Bts.Controllers.AdminController.AddAdmin (bts)'
2025-06-24 15:11:32.267 +05:30 [DBG] The request has an origin header: 'http://localhost:5088'.
2025-06-24 15:11:32.267 +05:30 [INF] CORS policy execution successful.
2025-06-24 15:11:32.269 +05:30 [DBG] Static files was skipped as the request already matched an endpoint.
2025-06-24 15:11:32.277 +05:30 [DBG] Static files was skipped as the request already matched an endpoint.
2025-06-24 15:11:32.281 +05:30 [DBG] AuthenticationScheme: Bearer was not authenticated.
2025-06-24 15:11:32.283 +05:30 [INF] Executing endpoint 'Bts.Controllers.AdminController.AddAdmin (bts)'
2025-06-24 15:11:32.317 +05:30 [INF] Route matched with {action = "AddAdmin", controller = "Admin"}. Executing controller action with signature System.Threading.Tasks.Task`1[Microsoft.AspNetCore.Mvc.IActionResult] AddAdmin(Bts.Models.DTO.AdminRequestDTO) on controller Bts.Controllers.AdminController (bts).
2025-06-24 15:11:32.319 +05:30 [DBG] Execution plan of authorization filters (in the following order): ["None"]
2025-06-24 15:11:32.319 +05:30 [DBG] Execution plan of resource filters (in the following order): ["None"]
2025-06-24 15:11:32.319 +05:30 [DBG] Execution plan of action filters (in the following order): ["Microsoft.AspNetCore.Mvc.ModelBinding.UnsupportedContentTypeFilter (Order: -3000)","Microsoft.AspNetCore.Mvc.Infrastructure.ModelStateInvalidFilter (Order: -2000)"]
2025-06-24 15:11:32.320 +05:30 [DBG] Execution plan of exception filters (in the following order): ["CustomExceptionFilter (Order: 0)"]
2025-06-24 15:11:32.320 +05:30 [DBG] Execution plan of result filters (in the following order): ["Microsoft.AspNetCore.Mvc.Infrastructure.ClientErrorResultFilter (Order: -2000)"]
2025-06-24 15:11:32.321 +05:30 [DBG] Executing controller factory for controller Bts.Controllers.AdminController (bts)
2025-06-24 15:11:32.422 +05:30 [DBG] Executed controller factory for controller Bts.Controllers.AdminController (bts)
2025-06-24 15:11:32.425 +05:30 [DBG] Attempting to bind parameter 'request' of type 'Bts.Models.DTO.AdminRequestDTO' ...
2025-06-24 15:11:32.427 +05:30 [DBG] Attempting to bind parameter 'request' of type 'Bts.Models.DTO.AdminRequestDTO' using the name '' in request data ...
2025-06-24 15:11:32.427 +05:30 [DBG] Selected input formatter 'Microsoft.AspNetCore.Mvc.Formatters.SystemTextJsonInputFormatter' for content type 'application/json'.
2025-06-24 15:11:32.445 +05:30 [DBG] Connection id "0HNDIVQ77AV5T", Request id "0HNDIVQ77AV5T:00000001": started reading request body.
2025-06-24 15:11:32.446 +05:30 [DBG] Connection id "0HNDIVQ77AV5T", Request id "0HNDIVQ77AV5T:00000001": done reading request body.
2025-06-24 15:11:32.451 +05:30 [DBG] JSON input formatter succeeded, deserializing to type 'Bts.Models.DTO.AdminRequestDTO'
2025-06-24 15:11:32.452 +05:30 [DBG] Done attempting to bind parameter 'request' of type 'Bts.Models.DTO.AdminRequestDTO'.
2025-06-24 15:11:32.452 +05:30 [DBG] Done attempting to bind parameter 'request' of type 'Bts.Models.DTO.AdminRequestDTO'.
2025-06-24 15:11:32.452 +05:30 [DBG] Attempting to validate the bound parameter 'request' of type 'Bts.Models.DTO.AdminRequestDTO' ...
2025-06-24 15:11:32.457 +05:30 [DBG] Done attempting to validate the bound parameter 'request' of type 'Bts.Models.DTO.AdminRequestDTO'.
2025-06-24 15:11:32.460 +05:30 [INF] AddAdmin called with email: user@example.com
2025-06-24 15:11:33.199 +05:30 [DBG] Entity Framework Core 9.0.5 initialized 'BugContext' using provider 'Npgsql.EntityFrameworkCore.PostgreSQL:9.0.4+fd2380957bee5cd86f336466af36b08c0163f1a5' with options: None
2025-06-24 15:11:33.234 +05:30 [DBG] Compiling query expression: 
'DbSet<Admin>()
    .FirstOrDefault(a => a.Email == __mail_0)'
2025-06-24 15:11:33.508 +05:30 [DBG] Generated query execution expression: 
'queryContext => ShapedQueryCompilingExpressionVisitor.SingleOrDefaultAsync<Admin>(
    asyncEnumerable: SingleQueryingEnumerable.Create<Admin>(
        relationalQueryContext: (RelationalQueryContext)queryContext, 
        relationalCommandResolver: parameters => [LIFTABLE Constant: RelationalCommandCache.QueryExpression(
            Projection Mapping:
                EmptyProjectionMember -> Dictionary<IProperty, int> { [Property: Admin.Id (string) Required PK FK AfterSave:Throw, 0], [Property: Admin.Email (string) Required, 1], [Property: Admin.Name (string) Required MaxLength(100), 2], [Property: Admin.Password (string) Required, 3] }
            SELECT TOP(1) a.Id, a.Email, a.Name, a.Password
            FROM Admins AS a
            WHERE a.Email == @__mail_0) | Resolver: c => new RelationalCommandCache(
            c.Dependencies.MemoryCache, 
            c.RelationalDependencies.QuerySqlGeneratorFactory, 
            c.RelationalDependencies.RelationalParameterBasedSqlProcessorFactory, 
            Projection Mapping:
                EmptyProjectionMember -> Dictionary<IProperty, int> { [Property: Admin.Id (string) Required PK FK AfterSave:Throw, 0], [Property: Admin.Email (string) Required, 1], [Property: Admin.Name (string) Required MaxLength(100), 2], [Property: Admin.Password (string) Required, 3] }
            SELECT TOP(1) a.Id, a.Email, a.Name, a.Password
            FROM Admins AS a
            WHERE a.Email == @__mail_0, 
            False, 
            new HashSet<string>(
                new string[]{ }, 
                StringComparer.Ordinal
            )
        )].GetRelationalCommandTemplate(parameters), 
        readerColumns: null, 
        shaper: (queryContext, dataReader, resultContext, resultCoordinator) => 
        {
            Admin entity;
            entity = 
            {
                MaterializationContext materializationContext1;
                IEntityType entityType1;
                Admin instance1;
                InternalEntityEntry entry1;
                bool hasNullKey1;
                materializationContext1 = new MaterializationContext(
                    [LIFTABLE Constant: ValueBuffer | Resolver: _ => (object)ValueBuffer.Empty], 
                    queryContext.Context
                );
                instance1 = default(Admin);
                entry1 = queryContext.TryGetEntry(
                    key: [LIFTABLE Constant: Key: Admin.Id PK | Resolver: c => c.Dependencies.Model.FindEntityType("Bts.Models.Admin").FindPrimaryKey()], 
                    keyValues: new object[]{ (object)dataReader.GetString(0) }, 
                    throwOnNullKey: True, 
                    hasNullKey: hasNullKey1);
                !(hasNullKey1) ? entry1 != default(InternalEntityEntry) ? 
                {
                    entityType1 = entry1.EntityType;
                    return instance1 = (Admin)entry1.Entity;
                } : 
                {
                    ISnapshot shadowSnapshot1;
                    shadowSnapshot1 = [LIFTABLE Constant: Snapshot | Resolver: _ => Snapshot.Empty];
                    entityType1 = [LIFTABLE Constant: EntityType: Admin | Resolver: namelessParameter{0} => namelessParameter{0}.Dependencies.Model.FindEntityType("Bts.Models.Admin")];
                    instance1 = switch (entityType1)
                    {
                        case [LIFTABLE Constant: EntityType: Admin | Resolver: namelessParameter{1} => namelessParameter{1}.Dependencies.Model.FindEntityType("Bts.Models.Admin")]: 
                            {
                                return 
                                {
                                    Admin instance;
                                    instance = new Admin();
                                    instance.<Id>k__BackingField = dataReader.GetString(0);
                                    instance.<Email>k__BackingField = dataReader.GetString(1);
                                    instance.<Name>k__BackingField = dataReader.GetString(2);
                                    instance.<Password>k__BackingField = dataReader.GetString(3);
                                    (instance is IInjectableService) ? ((IInjectableService)instance).Injected(
                                        context: materializationContext1.Context, 
                                        entity: instance, 
                                        queryTrackingBehavior: TrackAll, 
                                        structuralType: [LIFTABLE Constant: EntityType: Admin | Resolver: namelessParameter{2} => namelessParameter{2}.Dependencies.Model.FindEntityType("Bts.Models.Admin")]) : default(void);
                                    return instance;
                                }}
                        default: 
                            default(Admin)
                    }
                    ;
                    entry1 = entityType1 == default(IEntityType) ? default(InternalEntityEntry) : queryContext.StartTracking(
                        entityType: entityType1, 
                        entity: instance1, 
                        snapshot: shadowSnapshot1);
                    return instance1;
                } : default(void);
                return instance1;
            };
            return entity;
        }, 
        contextType: Bts.Contexts.BugContext, 
        standAloneStateManager: False, 
        detailedErrorsEnabled: False, 
        threadSafetyChecksEnabled: True), 
    cancellationToken: queryContext.CancellationToken)'
2025-06-24 15:11:33.547 +05:30 [DBG] Creating DbConnection.
2025-06-24 15:11:33.580 +05:30 [DBG] Created DbConnection. (32ms).
2025-06-24 15:11:33.583 +05:30 [DBG] Opening connection to database 'BugTrackingSystem' on server 'tcp://localhost:5432'.
2025-06-24 15:11:33.695 +05:30 [DBG] Opened connection to database 'BugTrackingSystem' on server 'tcp://localhost:5432'.
2025-06-24 15:11:33.698 +05:30 [DBG] Creating DbCommand for 'ExecuteReader'.
2025-06-24 15:11:33.704 +05:30 [DBG] Created DbCommand for 'ExecuteReader' (2ms).
2025-06-24 15:11:33.708 +05:30 [DBG] Initialized DbCommand for 'ExecuteReader' (10ms).
2025-06-24 15:11:33.716 +05:30 [DBG] Executing DbCommand [Parameters=[@__mail_0='?'], CommandType='"Text"', CommandTimeout='30']
SELECT a."Id", a."Email", a."Name", a."Password"
FROM "Admins" AS a
WHERE a."Email" = @__mail_0
LIMIT 1
2025-06-24 15:11:33.791 +05:30 [INF] Executed DbCommand (77ms) [Parameters=[@__mail_0='?'], CommandType='"Text"', CommandTimeout='30']
SELECT a."Id", a."Email", a."Name", a."Password"
FROM "Admins" AS a
WHERE a."Email" = @__mail_0
LIMIT 1
2025-06-24 15:11:33.798 +05:30 [DBG] Closing data reader to 'BugTrackingSystem' on server 'tcp://localhost:5432'.
2025-06-24 15:11:33.806 +05:30 [DBG] A data reader for 'BugTrackingSystem' on server 'tcp://localhost:5432' is being disposed after spending 10ms reading results.
2025-06-24 15:11:33.810 +05:30 [DBG] Closing connection to database 'BugTrackingSystem' on server 'tcp://localhost:5432'.
2025-06-24 15:11:33.814 +05:30 [DBG] Closed connection to database 'BugTrackingSystem' on server 'tcp://localhost:5432' (3ms).
2025-06-24 15:11:33.814 +05:30 [FTL] Admin not found - IsEmailExists
2025-06-24 15:11:34.187 +05:30 [DBG] Context 'BugContext' started tracking 'User' entity. Consider using 'DbContextOptionsBuilder.EnableSensitiveDataLogging' to see key values.
2025-06-24 15:11:34.190 +05:30 [DBG] SaveChanges starting for 'BugContext'.
2025-06-24 15:11:34.192 +05:30 [DBG] DetectChanges starting for 'BugContext'.
2025-06-24 15:11:34.199 +05:30 [DBG] DetectChanges completed for 'BugContext'.
2025-06-24 15:11:34.256 +05:30 [DBG] Opening connection to database 'BugTrackingSystem' on server 'tcp://localhost:5432'.
2025-06-24 15:11:34.256 +05:30 [DBG] Opened connection to database 'BugTrackingSystem' on server 'tcp://localhost:5432'.
2025-06-24 15:11:34.257 +05:30 [DBG] Creating DbCommand for 'ExecuteReader'.
2025-06-24 15:11:34.257 +05:30 [DBG] Created DbCommand for 'ExecuteReader' (0ms).
2025-06-24 15:11:34.257 +05:30 [DBG] Initialized DbCommand for 'ExecuteReader' (0ms).
2025-06-24 15:11:34.257 +05:30 [DBG] Executing DbCommand [Parameters=[@p0='?', @p1='?', @p2='?', @p3='?'], CommandType='"Text"', CommandTimeout='30']
INSERT INTO "Users" ("Id", "Password", "Role", "Username")
VALUES (@p0, @p1, @p2, @p3);
2025-06-24 15:11:34.267 +05:30 [INF] Executed DbCommand (9ms) [Parameters=[@p0='?', @p1='?', @p2='?', @p3='?'], CommandType='"Text"', CommandTimeout='30']
INSERT INTO "Users" ("Id", "Password", "Role", "Username")
VALUES (@p0, @p1, @p2, @p3);
2025-06-24 15:11:34.269 +05:30 [DBG] Closing data reader to 'BugTrackingSystem' on server 'tcp://localhost:5432'.
2025-06-24 15:11:34.269 +05:30 [DBG] A data reader for 'BugTrackingSystem' on server 'tcp://localhost:5432' is being disposed after spending 2ms reading results.
2025-06-24 15:11:34.270 +05:30 [DBG] Closing connection to database 'BugTrackingSystem' on server 'tcp://localhost:5432'.
2025-06-24 15:11:34.270 +05:30 [DBG] Closed connection to database 'BugTrackingSystem' on server 'tcp://localhost:5432' (0ms).
2025-06-24 15:11:34.278 +05:30 [DBG] An entity of type 'User' tracked by 'BugContext' changed state from '"Added"' to '"Unchanged"'. Consider using 'DbContextOptionsBuilder.EnableSensitiveDataLogging' to see key values.
2025-06-24 15:11:34.280 +05:30 [DBG] SaveChanges completed for 'BugContext' with 1 entities written to the database.
2025-06-24 15:11:34.293 +05:30 [DBG] The navigation 'Admin.User' was detected as changed. Consider using 'DbContextOptionsBuilder.EnableSensitiveDataLogging' to see key values.
2025-06-24 15:11:34.298 +05:30 [DBG] The navigation 'User.Admin' was detected as changed. Consider using 'DbContextOptionsBuilder.EnableSensitiveDataLogging' to see key values.
2025-06-24 15:11:34.300 +05:30 [DBG] Context 'BugContext' started tracking 'Admin' entity. Consider using 'DbContextOptionsBuilder.EnableSensitiveDataLogging' to see key values.
2025-06-24 15:11:34.300 +05:30 [DBG] SaveChanges starting for 'BugContext'.
2025-06-24 15:11:34.301 +05:30 [DBG] DetectChanges starting for 'BugContext'.
2025-06-24 15:11:34.304 +05:30 [DBG] DetectChanges completed for 'BugContext'.
2025-06-24 15:11:34.307 +05:30 [DBG] Opening connection to database 'BugTrackingSystem' on server 'tcp://localhost:5432'.
2025-06-24 15:11:34.307 +05:30 [DBG] Opened connection to database 'BugTrackingSystem' on server 'tcp://localhost:5432'.
2025-06-24 15:11:34.307 +05:30 [DBG] Creating DbCommand for 'ExecuteReader'.
2025-06-24 15:11:34.307 +05:30 [DBG] Created DbCommand for 'ExecuteReader' (0ms).
2025-06-24 15:11:34.307 +05:30 [DBG] Initialized DbCommand for 'ExecuteReader' (0ms).
2025-06-24 15:11:34.307 +05:30 [DBG] Executing DbCommand [Parameters=[@p0='?', @p1='?', @p2='?', @p3='?'], CommandType='"Text"', CommandTimeout='30']
INSERT INTO "Admins" ("Id", "Email", "Name", "Password")
VALUES (@p0, @p1, @p2, @p3);
2025-06-24 15:11:34.314 +05:30 [INF] Executed DbCommand (7ms) [Parameters=[@p0='?', @p1='?', @p2='?', @p3='?'], CommandType='"Text"', CommandTimeout='30']
INSERT INTO "Admins" ("Id", "Email", "Name", "Password")
VALUES (@p0, @p1, @p2, @p3);
2025-06-24 15:11:34.314 +05:30 [DBG] Closing data reader to 'BugTrackingSystem' on server 'tcp://localhost:5432'.
2025-06-24 15:11:34.314 +05:30 [DBG] A data reader for 'BugTrackingSystem' on server 'tcp://localhost:5432' is being disposed after spending 0ms reading results.
2025-06-24 15:11:34.314 +05:30 [DBG] Closing connection to database 'BugTrackingSystem' on server 'tcp://localhost:5432'.
2025-06-24 15:11:34.315 +05:30 [DBG] Closed connection to database 'BugTrackingSystem' on server 'tcp://localhost:5432' (0ms).
2025-06-24 15:11:34.315 +05:30 [DBG] An entity of type 'Admin' tracked by 'BugContext' changed state from '"Added"' to '"Unchanged"'. Consider using 'DbContextOptionsBuilder.EnableSensitiveDataLogging' to see key values.
2025-06-24 15:11:34.315 +05:30 [DBG] SaveChanges completed for 'BugContext' with 1 entities written to the database.
2025-06-24 15:11:34.315 +05:30 [INF] Admin added successfully: user@example.com
2025-06-24 15:11:34.319 +05:30 [DBG] List of registered output formatters, in the following order: ["Microsoft.AspNetCore.Mvc.Formatters.HttpNoContentOutputFormatter","Microsoft.AspNetCore.Mvc.Formatters.StringOutputFormatter","Microsoft.AspNetCore.Mvc.Formatters.StreamOutputFormatter","Microsoft.AspNetCore.Mvc.Formatters.SystemTextJsonOutputFormatter"]
2025-06-24 15:11:34.320 +05:30 [DBG] No information found on request to perform content negotiation.
2025-06-24 15:11:34.321 +05:30 [DBG] Attempting to select an output formatter without using a content type as no explicit content types were specified for the response.
2025-06-24 15:11:34.321 +05:30 [DBG] Attempting to select the first formatter in the output formatters list which can write the result.
2025-06-24 15:11:34.321 +05:30 [DBG] Selected output formatter 'Microsoft.AspNetCore.Mvc.Formatters.SystemTextJsonOutputFormatter' and content type 'application/json' to write the response.
2025-06-24 15:11:34.322 +05:30 [INF] Executing OkObjectResult, writing value of type '<>f__AnonymousType0`2[[System.String, System.Private.CoreLib, Version=8.0.0.0, Culture=neutral, PublicKeyToken=7cec85d7bea7798e],[Bts.Models.Admin, bts, Version=1.0.0.0, Culture=neutral, PublicKeyToken=null]]'.
2025-06-24 15:11:34.344 +05:30 [INF] Executed action Bts.Controllers.AdminController.AddAdmin (bts) in 2021.0127ms
2025-06-24 15:11:34.344 +05:30 [INF] Executed endpoint 'Bts.Controllers.AdminController.AddAdmin (bts)'
2025-06-24 15:11:34.346 +05:30 [DBG] Connection id "0HNDIVQ77AV5T" completed keep alive response.
2025-06-24 15:11:34.347 +05:30 [DBG] 'BugContext' disposed.
2025-06-24 15:11:34.351 +05:30 [DBG] Disposing connection to database 'BugTrackingSystem' on server 'tcp://localhost:5432'.
2025-06-24 15:11:34.353 +05:30 [DBG] Disposed connection to database 'BugTrackingSystem' on server 'tcp://localhost:5432' (2ms).
2025-06-24 15:11:34.353 +05:30 [INF] Request finished HTTP/1.1 POST http://localhost:5088/api/Admin/Add-Admin - 200 null application/json; charset=utf-8 2106.5355ms
2025-06-24 15:12:03.372 +05:30 [DBG] Connection id "0HNDIVQ77AV5T" received FIN.
2025-06-24 15:12:03.373 +05:30 [DBG] Connection id "0HNDIVQ77AV5T" sending FIN because: "The Socket transport's send loop completed gracefully."
2025-06-24 15:12:03.374 +05:30 [DBG] Connection id "0HNDIVQ77AV5T" disconnecting.
2025-06-24 15:12:03.375 +05:30 [DBG] Connection id "0HNDIVQ77AV5T" stopped.
2025-06-24 15:18:19.249 +05:30 [DBG] Connection id "0HNDIVQ77AV5U" accepted.
2025-06-24 15:18:19.250 +05:30 [DBG] Connection id "0HNDIVQ77AV5U" started.
2025-06-24 15:18:19.250 +05:30 [INF] Request starting HTTP/1.1 OPTIONS http://localhost:5088/api/Admin/Add-Admin - null null
2025-06-24 15:18:19.255 +05:30 [DBG] 1 candidate(s) found for the request path '/api/Admin/Add-Admin'
2025-06-24 15:18:19.255 +05:30 [DBG] Request matched endpoint '405 HTTP Method Not Supported'
2025-06-24 15:18:19.256 +05:30 [DBG] The request has an origin header: 'http://localhost:4200'.
2025-06-24 15:18:19.256 +05:30 [INF] CORS policy execution successful.
2025-06-24 15:18:19.256 +05:30 [DBG] The request is a preflight request.
2025-06-24 15:18:19.257 +05:30 [DBG] Connection id "0HNDIVQ77AV5U" completed keep alive response.
2025-06-24 15:18:19.257 +05:30 [INF] Request finished HTTP/1.1 OPTIONS http://localhost:5088/api/Admin/Add-Admin - 204 null null 6.9089ms
2025-06-24 15:18:19.258 +05:30 [INF] Request starting HTTP/1.1 POST http://localhost:5088/api/Admin/Add-Admin - application/json 101
2025-06-24 15:18:19.258 +05:30 [DBG] 1 candidate(s) found for the request path '/api/Admin/Add-Admin'
2025-06-24 15:18:19.259 +05:30 [DBG] Endpoint 'Bts.Controllers.AdminController.AddAdmin (bts)' with route pattern 'api/Admin/Add-Admin' is valid for the request path '/api/Admin/Add-Admin'
2025-06-24 15:18:19.259 +05:30 [DBG] Request matched endpoint 'Bts.Controllers.AdminController.AddAdmin (bts)'
2025-06-24 15:18:19.259 +05:30 [DBG] The request has an origin header: 'http://localhost:4200'.
2025-06-24 15:18:19.259 +05:30 [INF] CORS policy execution successful.
2025-06-24 15:18:19.259 +05:30 [DBG] Static files was skipped as the request already matched an endpoint.
2025-06-24 15:18:19.260 +05:30 [DBG] Static files was skipped as the request already matched an endpoint.
2025-06-24 15:18:19.260 +05:30 [DBG] AuthenticationScheme: Bearer was not authenticated.
2025-06-24 15:18:19.260 +05:30 [INF] Executing endpoint 'Bts.Controllers.AdminController.AddAdmin (bts)'
2025-06-24 15:18:19.261 +05:30 [INF] Route matched with {action = "AddAdmin", controller = "Admin"}. Executing controller action with signature System.Threading.Tasks.Task`1[Microsoft.AspNetCore.Mvc.IActionResult] AddAdmin(Bts.Models.DTO.AdminRequestDTO) on controller Bts.Controllers.AdminController (bts).
2025-06-24 15:18:19.261 +05:30 [DBG] Execution plan of authorization filters (in the following order): ["None"]
2025-06-24 15:18:19.261 +05:30 [DBG] Execution plan of resource filters (in the following order): ["None"]
2025-06-24 15:18:19.262 +05:30 [DBG] Execution plan of action filters (in the following order): ["Microsoft.AspNetCore.Mvc.ModelBinding.UnsupportedContentTypeFilter (Order: -3000)","Microsoft.AspNetCore.Mvc.Infrastructure.ModelStateInvalidFilter (Order: -2000)"]
2025-06-24 15:18:19.262 +05:30 [DBG] Execution plan of exception filters (in the following order): ["CustomExceptionFilter (Order: 0)"]
2025-06-24 15:18:19.263 +05:30 [DBG] Execution plan of result filters (in the following order): ["Microsoft.AspNetCore.Mvc.Infrastructure.ClientErrorResultFilter (Order: -2000)"]
2025-06-24 15:18:19.263 +05:30 [DBG] Executing controller factory for controller Bts.Controllers.AdminController (bts)
2025-06-24 15:18:19.264 +05:30 [DBG] Executed controller factory for controller Bts.Controllers.AdminController (bts)
2025-06-24 15:18:19.265 +05:30 [DBG] Attempting to bind parameter 'request' of type 'Bts.Models.DTO.AdminRequestDTO' ...
2025-06-24 15:18:19.265 +05:30 [DBG] Attempting to bind parameter 'request' of type 'Bts.Models.DTO.AdminRequestDTO' using the name '' in request data ...
2025-06-24 15:18:19.266 +05:30 [DBG] Selected input formatter 'Microsoft.AspNetCore.Mvc.Formatters.SystemTextJsonInputFormatter' for content type 'application/json'.
2025-06-24 15:18:19.266 +05:30 [DBG] Connection id "0HNDIVQ77AV5U", Request id "0HNDIVQ77AV5U:00000002": started reading request body.
2025-06-24 15:18:19.267 +05:30 [DBG] Connection id "0HNDIVQ77AV5U", Request id "0HNDIVQ77AV5U:00000002": done reading request body.
2025-06-24 15:18:19.268 +05:30 [DBG] JSON input formatter succeeded, deserializing to type 'Bts.Models.DTO.AdminRequestDTO'
2025-06-24 15:18:19.268 +05:30 [DBG] Done attempting to bind parameter 'request' of type 'Bts.Models.DTO.AdminRequestDTO'.
2025-06-24 15:18:19.268 +05:30 [DBG] Done attempting to bind parameter 'request' of type 'Bts.Models.DTO.AdminRequestDTO'.
2025-06-24 15:18:19.268 +05:30 [DBG] Attempting to validate the bound parameter 'request' of type 'Bts.Models.DTO.AdminRequestDTO' ...
2025-06-24 15:18:19.269 +05:30 [DBG] Done attempting to validate the bound parameter 'request' of type 'Bts.Models.DTO.AdminRequestDTO'.
2025-06-24 15:18:19.269 +05:30 [INF] AddAdmin called with email: dharun@gmail.com
2025-06-24 15:18:19.289 +05:30 [DBG] Entity Framework Core 9.0.5 initialized 'BugContext' using provider 'Npgsql.EntityFrameworkCore.PostgreSQL:9.0.4+fd2380957bee5cd86f336466af36b08c0163f1a5' with options: None
2025-06-24 15:18:19.294 +05:30 [DBG] Creating DbConnection.
2025-06-24 15:18:19.294 +05:30 [DBG] Created DbConnection. (0ms).
2025-06-24 15:18:19.294 +05:30 [DBG] Opening connection to database 'BugTrackingSystem' on server 'tcp://localhost:5432'.
2025-06-24 15:18:19.322 +05:30 [DBG] Opened connection to database 'BugTrackingSystem' on server 'tcp://localhost:5432'.
2025-06-24 15:18:19.322 +05:30 [DBG] Creating DbCommand for 'ExecuteReader'.
2025-06-24 15:18:19.322 +05:30 [DBG] Created DbCommand for 'ExecuteReader' (0ms).
2025-06-24 15:18:19.322 +05:30 [DBG] Initialized DbCommand for 'ExecuteReader' (0ms).
2025-06-24 15:18:19.323 +05:30 [DBG] Executing DbCommand [Parameters=[@__mail_0='?'], CommandType='"Text"', CommandTimeout='30']
SELECT a."Id", a."Email", a."Name", a."Password"
FROM "Admins" AS a
WHERE a."Email" = @__mail_0
LIMIT 1
2025-06-24 15:18:19.325 +05:30 [INF] Executed DbCommand (3ms) [Parameters=[@__mail_0='?'], CommandType='"Text"', CommandTimeout='30']
SELECT a."Id", a."Email", a."Name", a."Password"
FROM "Admins" AS a
WHERE a."Email" = @__mail_0
LIMIT 1
2025-06-24 15:18:19.326 +05:30 [DBG] Closing data reader to 'BugTrackingSystem' on server 'tcp://localhost:5432'.
2025-06-24 15:18:19.326 +05:30 [DBG] A data reader for 'BugTrackingSystem' on server 'tcp://localhost:5432' is being disposed after spending 0ms reading results.
2025-06-24 15:18:19.326 +05:30 [DBG] Closing connection to database 'BugTrackingSystem' on server 'tcp://localhost:5432'.
2025-06-24 15:18:19.326 +05:30 [DBG] Closed connection to database 'BugTrackingSystem' on server 'tcp://localhost:5432' (0ms).
2025-06-24 15:18:19.326 +05:30 [FTL] Admin not found - IsEmailExists
2025-06-24 15:18:19.596 +05:30 [DBG] Context 'BugContext' started tracking 'User' entity. Consider using 'DbContextOptionsBuilder.EnableSensitiveDataLogging' to see key values.
2025-06-24 15:18:19.596 +05:30 [DBG] SaveChanges starting for 'BugContext'.
2025-06-24 15:18:19.597 +05:30 [DBG] DetectChanges starting for 'BugContext'.
2025-06-24 15:18:19.597 +05:30 [DBG] DetectChanges completed for 'BugContext'.
2025-06-24 15:18:19.598 +05:30 [DBG] Opening connection to database 'BugTrackingSystem' on server 'tcp://localhost:5432'.
2025-06-24 15:18:19.598 +05:30 [DBG] Opened connection to database 'BugTrackingSystem' on server 'tcp://localhost:5432'.
2025-06-24 15:18:19.598 +05:30 [DBG] Creating DbCommand for 'ExecuteReader'.
2025-06-24 15:18:19.598 +05:30 [DBG] Created DbCommand for 'ExecuteReader' (0ms).
2025-06-24 15:18:19.598 +05:30 [DBG] Initialized DbCommand for 'ExecuteReader' (0ms).
2025-06-24 15:18:19.599 +05:30 [DBG] Executing DbCommand [Parameters=[@p0='?', @p1='?', @p2='?', @p3='?'], CommandType='"Text"', CommandTimeout='30']
INSERT INTO "Users" ("Id", "Password", "Role", "Username")
VALUES (@p0, @p1, @p2, @p3);
2025-06-24 15:18:19.615 +05:30 [INF] Executed DbCommand (17ms) [Parameters=[@p0='?', @p1='?', @p2='?', @p3='?'], CommandType='"Text"', CommandTimeout='30']
INSERT INTO "Users" ("Id", "Password", "Role", "Username")
VALUES (@p0, @p1, @p2, @p3);
2025-06-24 15:18:19.615 +05:30 [DBG] Closing data reader to 'BugTrackingSystem' on server 'tcp://localhost:5432'.
2025-06-24 15:18:19.615 +05:30 [DBG] A data reader for 'BugTrackingSystem' on server 'tcp://localhost:5432' is being disposed after spending 0ms reading results.
2025-06-24 15:18:19.616 +05:30 [DBG] Closing connection to database 'BugTrackingSystem' on server 'tcp://localhost:5432'.
2025-06-24 15:18:19.616 +05:30 [DBG] Closed connection to database 'BugTrackingSystem' on server 'tcp://localhost:5432' (0ms).
2025-06-24 15:18:19.616 +05:30 [DBG] An entity of type 'User' tracked by 'BugContext' changed state from '"Added"' to '"Unchanged"'. Consider using 'DbContextOptionsBuilder.EnableSensitiveDataLogging' to see key values.
2025-06-24 15:18:19.616 +05:30 [DBG] SaveChanges completed for 'BugContext' with 1 entities written to the database.
2025-06-24 15:18:19.617 +05:30 [DBG] The navigation 'Admin.User' was detected as changed. Consider using 'DbContextOptionsBuilder.EnableSensitiveDataLogging' to see key values.
2025-06-24 15:18:19.617 +05:30 [DBG] The navigation 'User.Admin' was detected as changed. Consider using 'DbContextOptionsBuilder.EnableSensitiveDataLogging' to see key values.
2025-06-24 15:18:19.617 +05:30 [DBG] Context 'BugContext' started tracking 'Admin' entity. Consider using 'DbContextOptionsBuilder.EnableSensitiveDataLogging' to see key values.
2025-06-24 15:18:19.617 +05:30 [DBG] SaveChanges starting for 'BugContext'.
2025-06-24 15:18:19.617 +05:30 [DBG] DetectChanges starting for 'BugContext'.
2025-06-24 15:18:19.617 +05:30 [DBG] DetectChanges completed for 'BugContext'.
2025-06-24 15:18:19.618 +05:30 [DBG] Opening connection to database 'BugTrackingSystem' on server 'tcp://localhost:5432'.
2025-06-24 15:18:19.618 +05:30 [DBG] Opened connection to database 'BugTrackingSystem' on server 'tcp://localhost:5432'.
2025-06-24 15:18:19.618 +05:30 [DBG] Creating DbCommand for 'ExecuteReader'.
2025-06-24 15:18:19.618 +05:30 [DBG] Created DbCommand for 'ExecuteReader' (0ms).
2025-06-24 15:18:19.618 +05:30 [DBG] Initialized DbCommand for 'ExecuteReader' (0ms).
2025-06-24 15:18:19.618 +05:30 [DBG] Executing DbCommand [Parameters=[@p0='?', @p1='?', @p2='?', @p3='?'], CommandType='"Text"', CommandTimeout='30']
INSERT INTO "Admins" ("Id", "Email", "Name", "Password")
VALUES (@p0, @p1, @p2, @p3);
2025-06-24 15:18:19.619 +05:30 [INF] Executed DbCommand (1ms) [Parameters=[@p0='?', @p1='?', @p2='?', @p3='?'], CommandType='"Text"', CommandTimeout='30']
INSERT INTO "Admins" ("Id", "Email", "Name", "Password")
VALUES (@p0, @p1, @p2, @p3);
2025-06-24 15:18:19.620 +05:30 [DBG] Closing data reader to 'BugTrackingSystem' on server 'tcp://localhost:5432'.
2025-06-24 15:18:19.620 +05:30 [DBG] A data reader for 'BugTrackingSystem' on server 'tcp://localhost:5432' is being disposed after spending 0ms reading results.
2025-06-24 15:18:19.620 +05:30 [DBG] Closing connection to database 'BugTrackingSystem' on server 'tcp://localhost:5432'.
2025-06-24 15:18:19.620 +05:30 [DBG] Closed connection to database 'BugTrackingSystem' on server 'tcp://localhost:5432' (0ms).
2025-06-24 15:18:19.621 +05:30 [DBG] An entity of type 'Admin' tracked by 'BugContext' changed state from '"Added"' to '"Unchanged"'. Consider using 'DbContextOptionsBuilder.EnableSensitiveDataLogging' to see key values.
2025-06-24 15:18:19.621 +05:30 [DBG] SaveChanges completed for 'BugContext' with 1 entities written to the database.
2025-06-24 15:18:19.621 +05:30 [INF] Admin added successfully: dharun@gmail.com
2025-06-24 15:18:19.621 +05:30 [DBG] List of registered output formatters, in the following order: ["Microsoft.AspNetCore.Mvc.Formatters.HttpNoContentOutputFormatter","Microsoft.AspNetCore.Mvc.Formatters.StringOutputFormatter","Microsoft.AspNetCore.Mvc.Formatters.StreamOutputFormatter","Microsoft.AspNetCore.Mvc.Formatters.SystemTextJsonOutputFormatter"]
2025-06-24 15:18:19.621 +05:30 [DBG] No information found on request to perform content negotiation.
2025-06-24 15:18:19.621 +05:30 [DBG] Attempting to select an output formatter without using a content type as no explicit content types were specified for the response.
2025-06-24 15:18:19.622 +05:30 [DBG] Attempting to select the first formatter in the output formatters list which can write the result.
2025-06-24 15:18:19.622 +05:30 [DBG] Selected output formatter 'Microsoft.AspNetCore.Mvc.Formatters.SystemTextJsonOutputFormatter' and content type 'application/json' to write the response.
2025-06-24 15:18:19.622 +05:30 [INF] Executing OkObjectResult, writing value of type '<>f__AnonymousType0`2[[System.String, System.Private.CoreLib, Version=8.0.0.0, Culture=neutral, PublicKeyToken=7cec85d7bea7798e],[Bts.Models.Admin, bts, Version=1.0.0.0, Culture=neutral, PublicKeyToken=null]]'.
2025-06-24 15:18:19.623 +05:30 [INF] Executed action Bts.Controllers.AdminController.AddAdmin (bts) in 359.9471ms
2025-06-24 15:18:19.623 +05:30 [INF] Executed endpoint 'Bts.Controllers.AdminController.AddAdmin (bts)'
2025-06-24 15:18:19.623 +05:30 [DBG] Connection id "0HNDIVQ77AV5U" completed keep alive response.
2025-06-24 15:18:19.623 +05:30 [DBG] 'BugContext' disposed.
2025-06-24 15:18:19.624 +05:30 [DBG] Disposing connection to database 'BugTrackingSystem' on server 'tcp://localhost:5432'.
2025-06-24 15:18:19.624 +05:30 [DBG] Disposed connection to database 'BugTrackingSystem' on server 'tcp://localhost:5432' (0ms).
2025-06-24 15:18:19.624 +05:30 [INF] Request finished HTTP/1.1 POST http://localhost:5088/api/Admin/Add-Admin - 200 null application/json; charset=utf-8 366.1145ms
2025-06-24 15:20:30.616 +05:30 [DBG] Connection id "0HNDIVQ77AV5U" disconnecting.
2025-06-24 15:20:30.618 +05:30 [DBG] Connection id "0HNDIVQ77AV5U" stopped.
2025-06-24 15:20:30.618 +05:30 [DBG] Connection id "0HNDIVQ77AV5U" sending FIN because: "The Socket transport's send loop completed gracefully."
